<?xml version="1.0" encoding="UTF-8"?>
<testng-results ignored="0" total="1" passed="1" failed="0" skipped="0">
  <reporter-output>
  </reporter-output>
  <suite started-at="2021-02-11T13:49:37Z" name="BankingSuite" finished-at="2021-02-11T13:50:03Z" duration-ms="26438">
    <groups>
    </groups>
    <test started-at="2021-02-11T13:49:37Z" name="BankingApp Test" finished-at="2021-02-11T13:50:03Z" duration-ms="26438">
      <class name="com.banking.testCases.TC_LoginTest_001">
        <test-method is-config="true" signature="setup(java.lang.String)[pri:0, instance:com.banking.testCases.TC_LoginTest_001@6591f517]" started-at="2021-02-11T13:49:38Z" name="setup" finished-at="2021-02-11T13:49:55Z" duration-ms="16757" status="PASS">
          <params>
            <param index="0">
              <value>
                <![CDATA[chrome]]>
              </value>
            </param>
          </params>
          <reporter-output>
          </reporter-output>
        </test-method> <!-- setup -->
        <test-method signature="loginTest()[pri:0, instance:com.banking.testCases.TC_LoginTest_001@6591f517]" started-at="2021-02-11T13:49:55Z" name="loginTest" finished-at="2021-02-11T13:50:02Z" duration-ms="7353" status="PASS">
          <reporter-output>
          </reporter-output>
        </test-method> <!-- loginTest -->
        <test-method is-config="true" signature="teardown()[pri:0, instance:com.banking.testCases.TC_LoginTest_001@6591f517]" started-at="2021-02-11T13:50:02Z" name="teardown" finished-at="2021-02-11T13:50:03Z" duration-ms="967" status="PASS">
          <reporter-output>
          </reporter-output>
        </test-method> <!-- teardown -->
      </class> <!-- com.banking.testCases.TC_LoginTest_001 -->
    </test> <!-- BankingApp Test -->
  </suite> <!-- BankingSuite -->
</testng-results>
